<?xml version="1.0" encoding="UTF-8"?>
<!-- Generated by org.testng.reporters.JUnitReportReporter -->
<testsuite hostname="WS-RSU" failures="0" tests="1" name="tests.remoteQR.RemoteQRTest" time="56.819" errors="0" timestamp="2025-09-19T17:03:39 WIB" skipped="0">
  <testcase classname="tests.remoteQR.RemoteQRTest" name="mainProgram" time="56.819"/>
</testsuite> <!-- tests.remoteQR.RemoteQRTest -->
